\BOOKMARK [0][-]{chapter.1}{Introduction}{}% 1
\BOOKMARK [1][-]{section.1.1}{The data}{chapter.1}% 2
\BOOKMARK [1][-]{section.1.2}{Likelihood}{chapter.1}% 3
\BOOKMARK [0][-]{chapter.2}{Bayesian approach with hierarchical sieve prior}{}% 4
\BOOKMARK [1][-]{section.2.1}{Sieve priors}{chapter.2}% 5
\BOOKMARK [1][-]{section.2.2}{Hierarchical priors}{chapter.2}% 6
\BOOKMARK [0][-]{chapter.3}{Frequentist estimation in circular deconvolution}{}% 7
\BOOKMARK [1][-]{section.3.1}{Empirical distribution and projection estimates}{chapter.3}% 8
\BOOKMARK [2][-]{subsection.3.1.1}{Estimating the Fourier coefficients individually}{section.3.1}% 9
\BOOKMARK [2][-]{subsection.3.1.2}{Estimation of the Fourier sequence}{section.3.1}% 10
\BOOKMARK [2][-]{subsection.3.1.3}{Penalized contrast model selection}{section.3.1}% 11
\BOOKMARK [1][-]{section.3.2}{Aggregation estimator}{chapter.3}% 12
\BOOKMARK [2][-]{subsection.3.2.1}{Estimating the Fourier coefficients individually}{section.3.2}% 13
\BOOKMARK [2][-]{subsection.3.2.2}{Estimating the Fourier sequence}{section.3.2}% 14
\BOOKMARK [0][-]{chapter.4}{Generalization of graph regression}{}% 15
\BOOKMARK [1][-]{section.4.1}{Dependent data}{chapter.4}% 16
\BOOKMARK [2][-]{subsection.4.1.1}{Projection estimator and model selection}{section.4.1}% 17
\BOOKMARK [2][-]{subsection.4.1.2}{Aggregation estimator}{section.4.1}% 18
\BOOKMARK [1][-]{section.4.2}{Partially unknown operator}{chapter.4}% 19
\BOOKMARK [2][-]{subsection.4.2.1}{Projection estimator and model selection}{section.4.2}% 20
\BOOKMARK [2][-]{subsection.4.2.2}{Aggregation estimator}{section.4.2}% 21
